<?xml version="1.0" encoding="UTF-8"?>
<!-- Generated by org.testng.reporters.JUnitReportReporter -->
<testsuite hostname="Hi-PC" failures="0" tests="2" name="Demotestingotesting.DemoTest1" time="0.016" errors="0" timestamp="03 Aug 2018 20:39:49 GMT" skipped="0">
  <testcase classname="Demotestingotesting.DemoTest1" name="Demotesting1" time="0.016"/>
  <testcase classname="Demotestingotesting.DemoTest1" name="Demotesting2" time="0.000"/>
</testsuite> <!-- Demotestingotesting.DemoTest1 -->
