<?xml version="1.0" encoding="UTF-8"?>
<!-- Generated by org.testng.reporters.JUnitReportReporter -->
<testsuite hostname="Hi-PC" failures="0" tests="2" name="Demotestingotesting.DemoTest2" time="0.015" errors="0" timestamp="03 Aug 2018 20:40:04 GMT" skipped="0">
  <testcase classname="Demotestingotesting.DemoTest2" name="Demo2testing1" time="0.015"/>
  <testcase classname="Demotestingotesting.DemoTest2" name="Demo2testing2" time="0.000"/>
</testsuite> <!-- Demotestingotesting.DemoTest2 -->
