<?xml version="1.0" encoding="UTF-8"?>
<!-- Generated by org.testng.reporters.JUnitReportReporter -->
<testsuite hostname="Hi-PC" failures="0" tests="2" name="Demotestingotesting.DemoTest3" time="0.019" errors="0" timestamp="03 Aug 2018 20:40:11 GMT" skipped="0">
  <testcase classname="Demotestingotesting.DemoTest3" name="Demo3testing1" time="0.016"/>
  <testcase classname="Demotestingotesting.DemoTest3" name="Demo3testing2" time="0.003"/>
</testsuite> <!-- Demotestingotesting.DemoTest3 -->
