<?xml version="1.0" encoding="UTF-8"?>
<!-- Generated by org.testng.reporters.JUnitReportReporter -->
<testsuite hostname="Hi-PC" failures="0" tests="2" name="Demotestingotesting.Demo3Test" time="0.015" errors="0" timestamp="06 Aug 2018 19:48:13 GMT" skipped="0">
  <testcase classname="Demotestingotesting.Demo3Test" name="Demo3testing2" time="0.001"/>
  <testcase classname="Demotestingotesting.Demo3Test" name="Demo3testing1" time="0.014"/>
</testsuite> <!-- Demotestingotesting.Demo3Test -->
