<?xml version="1.0" encoding="UTF-8"?>
<!-- Generated by org.testng.reporters.JUnitReportReporter -->
<testsuite hostname="Hi-PC" failures="0" tests="2" name="Demotestingotesting.Demo2Test" time="0.002" errors="0" timestamp="06 Aug 2018 19:48:13 GMT" skipped="0">
  <testcase classname="Demotestingotesting.Demo2Test" name="Demo2testing1" time="0.001"/>
  <testcase classname="Demotestingotesting.Demo2Test" name="Demo2testing2" time="0.001"/>
</testsuite> <!-- Demotestingotesting.Demo2Test -->
