<?xml version="1.0" encoding="UTF-8"?>
<!-- Generated by org.testng.reporters.JUnitReportReporter -->
<testsuite hostname="Hi-PC" failures="0" tests="2" name="Demotestingotesting.Demo1Test" time="0.000" errors="0" timestamp="06 Aug 2018 19:47:06 GMT" skipped="0">
  <testcase classname="Demotestingotesting.Demo1Test" name="Demotesting2" time="0.000"/>
  <testcase classname="Demotestingotesting.Demo1Test" name="Demotesting1" time="0.000"/>
</testsuite> <!-- Demotestingotesting.Demo1Test -->
